<?xml version="1.0" encoding="UTF-8"?>
<!-- Generated by org.testng.reporters.JUnitReportReporter -->
<testsuite ignored="0" hostname="INLEN8520046724" failures="0" tests="2" name="com.app.tests.AppTest" time="196.096" errors="0" timestamp="10 Jan 2023 17:42:16 GMT" skipped="0">
  <testcase classname="com.app.tests.AppTest" name="tc2" time="131.373"/>
  <testcase classname="com.app.tests.AppTest" name="tc1" time="64.723"/>
</testsuite> <!-- com.app.tests.AppTest -->
