<?xml version="1.0" encoding="UTF-8"?>
<!-- Generated by org.testng.reporters.JUnitReportReporter -->
<testsuite ignored="0" hostname="INLEN8520046724" failures="0" tests="2" name="com.app.tests.AppTest" time="95.865" errors="0" timestamp="09 Jan 2023 12:41:42 GMT" skipped="0">
  <testcase classname="com.app.tests.AppTest" name="tc2" time="51.078"/>
  <testcase classname="com.app.tests.AppTest" name="tc1" time="44.787"/>
</testsuite> <!-- com.app.tests.AppTest -->
